Arguments: 
  D:\Program Files\node.exe C:\Users\Lenovo\AppData\Roaming\npm\node_modules\yarn\bin\yarn.js add jQuer @1.11.3

PATH: 
  C:\Program Files (x86)\Intel\iCLS Client\;C:\Program Files\Intel\iCLS Client\;C:\windows\system32;C:\windows;C:\windows\System32\Wbem;C:\windows\System32\WindowsPowerShell\v1.0\;C:\Program Files\Intel\Intel(R) Management Engine Components\DAL;C:\Program Files\Intel\Intel(R) Management Engine Components\IPT;C:\Program Files (x86)\Intel\Intel(R) Management Engine Components\DAL;C:\Program Files (x86)\Intel\Intel(R) Management Engine Components\IPT;C:\Program Files (x86)\ATI Technologies\ATI.ACE\Core-Static;C:\Program Files\Intel\WiFi\bin\;C:\Program Files\Common Files\Intel\WirelessCommon\;C:\Program Files (x86)\NVIDIA Corporation\PhysX\Common;D:\Program Files\;D:\webstorm\Git\cmd;C:\Users\Lenovo\AppData\Roaming\npm

Yarn version: 
  1.5.1

Node version: 
  8.9.4

Platform: 
  win32 x64

npm manifest: 
  No manifest

yarn manifest: 
  No manifest

Lockfile: 
  No lockfile

Trace: 
  Error: Couldn't find package "jQuer" on the "npm" registry.
      at new MessageError (C:\Users\Lenovo\AppData\Roaming\npm\node_modules\yarn\lib\cli.js:186:110)
      at NpmResolver.<anonymous> (C:\Users\Lenovo\AppData\Roaming\npm\node_modules\yarn\lib\cli.js:51625:15)
      at Generator.next (<anonymous>)
      at step (C:\Users\Lenovo\AppData\Roaming\npm\node_modules\yarn\lib\cli.js:98:30)
      at C:\Users\Lenovo\AppData\Roaming\npm\node_modules\yarn\lib\cli.js:109:13
      at <anonymous>
      at process._tickCallback (internal/process/next_tick.js:188:7)
